<?xml version="1.0" encoding="UTF-8"?>
<testsuite xmlns:xsi="http://www.w3.org/2001/XMLSchema-instance" xsi:noNamespaceSchemaLocation="https://maven.apache.org/surefire/maven-surefire-plugin/xsd/surefire-test-report.xsd" version="3.0.2" name="TestSuite" time="16.869" tests="1" errors="0" skipped="0" failures="0">
  <properties>
[...]
</properties>
  <testcase name="verify_account_registration" classname="testCases.TC_001" time="2.363">
    <system-out><![CDATA[15:12:16:016 [main] DEBUG org.testng.TestNG - suiteXmlPath: "C:\Automationselenium\NewPractice123\testng.xml"
15:12:16:332 [main] TRACE org.testng.internal.Graph - [Graph] ADDING NODE BaseClass.setup(java.lang.String,java.lang.String)[pri:0, instance:null] -1422203584
15:12:16:332 [main] TRACE org.testng.internal.Graph - [Graph] ================ SORTING
15:12:16:332 [main] TRACE org.testng.internal.Graph - [Graph] =============== DONE SORTING
15:12:16:332 [main] TRACE org.testng.internal.Graph - [Graph] ====== SORTED NODES
15:12:16:332 [main] TRACE org.testng.internal.Graph - [Graph] ====== END SORTED NODES
15:12:16:332 [main] TRACE org.testng.internal.Graph - [Graph] ADDING NODE BaseClass.tearDown()[pri:0, instance:null] 829687191
15:12:16:332 [main] TRACE org.testng.internal.Graph - [Graph] ================ SORTING
15:12:16:343 [main] TRACE org.testng.internal.Graph - [Graph] =============== DONE SORTING
15:12:16:343 [main] TRACE org.testng.internal.Graph - [Graph] ====== SORTED NODES
15:12:16:352 [main] TRACE org.testng.internal.Graph - [Graph] ====== END SORTED NODES
15:12:16:363 [main] TRACE org.testng.internal.Graph - [Graph] ADDING NODE TC_001.verify_account_registration()[pri:0, instance:testCases.TC_001@7a55af6b] 1055865469
15:12:16:363 [main] TRACE org.testng.internal.Graph - [Graph] ================ SORTING
15:12:16:364 [main] TRACE org.testng.internal.Graph - [Graph] =============== DONE SORTING
15:12:16:364 [main] TRACE org.testng.internal.Graph - [Graph] ====== SORTED NODES
15:12:16:364 [main] TRACE org.testng.internal.Graph - [Graph] ====== END SORTED NODES
15:12:24:203 [main] INFO  testCases.TC_001 - ******Starting with TC001
15:12:24:503 [main] INFO  testCases.TC_001 - ******click on My account link
15:12:24:917 [main] INFO  testCases.TC_001 - ******click on My Register link
15:12:24:928 [main] INFO  testCases.TC_001 - ***Providing customer details
15:12:26:499 [main] INFO  testCases.TC_001 - validating expected message
15:12:26:526 [main] INFO  testCases.TC_001 - ......finished TC001 test
]]></system-out>
  </testcase>
</testsuite>