<?xml version="1.0" encoding="UTF-8"?>
<testng-results ignored="0" total="1" passed="1" failed="0" skipped="0">
  <reporter-output>
  </reporter-output>
  <suite started-at="2024-12-31T15:12:16 IST" name="Suite" finished-at="2024-12-31T15:12:27 IST" duration-ms="10671">
    <groups>
      <group name="Sanity">
        <method signature="TC_001.verify_account_registration()[pri:0, instance:testCases.TC_001@7a55af6b]" name="verify_account_registration" class="testCases.TC_001"/>
      </group> <!-- Sanity -->
    </groups>
    <test started-at="2024-12-31T15:12:16 IST" name="Test" finished-at="2024-12-31T15:12:27 IST" duration-ms="10671">
      <class name="testCases.TC_001">
        <test-method is-config="true" signature="setup(java.lang.String,java.lang.String)[pri:0, instance:testCases.TC_001@7a55af6b]" started-at="2024-12-31T15:12:16 IST" name="setup" finished-at="2024-12-31T15:12:24 IST" duration-ms="7559" status="PASS">
          <params>
            <param index="0">
              <value>
                <![CDATA[windows]]>
              </value>
            </param>
            <param index="1">
              <value>
                <![CDATA[chrome]]>
              </value>
            </param>
          </params>
          <reporter-output>
          </reporter-output>
        </test-method> <!-- setup -->
        <test-method signature="verify_account_registration()[pri:0, instance:testCases.TC_001@7a55af6b]" started-at="2024-12-31T15:12:24 IST" name="verify_account_registration" finished-at="2024-12-31T15:12:26 IST" duration-ms="2344" status="PASS">
          <reporter-output>
          </reporter-output>
        </test-method> <!-- verify_account_registration -->
        <test-method is-config="true" signature="tearDown()[pri:0, instance:testCases.TC_001@7a55af6b]" started-at="2024-12-31T15:12:26 IST" name="tearDown" finished-at="2024-12-31T15:12:27 IST" duration-ms="459" status="PASS">
          <reporter-output>
          </reporter-output>
        </test-method> <!-- tearDown -->
      </class> <!-- testCases.TC_001 -->
    </test> <!-- Test -->
  </suite> <!-- Suite -->
</testng-results>
