<?xml version="1.0" encoding="UTF-8"?>
<testng-results ignored="0" total="1" passed="1" failed="0" skipped="0">
  <reporter-output>
  </reporter-output>
  <suite started-at="2024-12-30T16:51:19 IST" name="Suite" finished-at="2024-12-30T16:51:26 IST" duration-ms="7869">
    <groups>
      <group name="Sanity">
        <method signature="TC_001.verify_account_registration()[pri:0, instance:testCases.TC_001@290222c1]" name="verify_account_registration" class="testCases.TC_001"/>
      </group> <!-- Sanity -->
    </groups>
    <test started-at="2024-12-30T16:51:19 IST" name="Test" finished-at="2024-12-30T16:51:26 IST" duration-ms="7869">
      <class name="testCases.TC_001">
        <test-method is-config="true" signature="setup(java.lang.String,java.lang.String)[pri:0, instance:testCases.TC_001@290222c1]" started-at="2024-12-30T16:51:19 IST" name="setup" finished-at="2024-12-30T16:51:24 IST" duration-ms="5132" status="PASS">
          <params>
            <param index="0">
              <value>
                <![CDATA[windows]]>
              </value>
            </param>
            <param index="1">
              <value>
                <![CDATA[chrome]]>
              </value>
            </param>
          </params>
          <reporter-output>
          </reporter-output>
        </test-method> <!-- setup -->
        <test-method signature="verify_account_registration()[pri:0, instance:testCases.TC_001@290222c1]" started-at="2024-12-30T16:51:24 IST" name="verify_account_registration" finished-at="2024-12-30T16:51:26 IST" duration-ms="2265" status="PASS">
          <reporter-output>
          </reporter-output>
        </test-method> <!-- verify_account_registration -->
        <test-method is-config="true" signature="tearDown()[pri:0, instance:testCases.TC_001@290222c1]" started-at="2024-12-30T16:51:26 IST" name="tearDown" finished-at="2024-12-30T16:51:26 IST" duration-ms="245" status="PASS">
          <reporter-output>
          </reporter-output>
        </test-method> <!-- tearDown -->
      </class> <!-- testCases.TC_001 -->
    </test> <!-- Test -->
  </suite> <!-- Suite -->
</testng-results>
